This file contains any messages produced by compilers while
running configure, to aid debugging if configure makes a mistake.

It was created by configure, which was
generated by GNU Autoconf 2.52.  Invocation command line was

  $ ./configure --build=aarch64-unknown-linux-gnu

## ---------- ##
## Platform.  ##
## ---------- ##

hostname = ANBERNIC
uname -m = aarch64
uname -r = 4.9.170
uname -s = Linux
uname -v = #13 SMP PREEMPT Mon Dec 23 14:33:36 CST 2024

/usr/bin/uname -p = aarch64
/bin/uname -X     = unknown

/bin/arch              = aarch64
/usr/bin/arch -k       = unknown
/usr/convex/getsysinfo = unknown
hostinfo               = unknown
/bin/machine           = unknown
/usr/bin/oslevel       = unknown
/bin/universe          = unknown

PATH = /usr/local/sbin:/usr/local/bin:/usr/sbin:/usr/bin:/sbin:/bin:/snap/bin

## ------------ ##
## Core tests.  ##
## ------------ ##

configure:909: PATH=".;."; conftest.sh
./configure: 910: conftest.sh: not found
configure:912: $? = 127
configure:964: checking for gcc
configure:979: found /usr/bin/gcc
configure:987: result: gcc
configure:1215: checking for C compiler version
configure:1218: gcc --version </dev/null >&5
gcc (Ubuntu 11.4.0-1ubuntu1~22.04.2) 11.4.0
Copyright (C) 2021 Free Software Foundation, Inc.
This is free software; see the source for copying conditions.  There is NO
warranty; not even for MERCHANTABILITY or FITNESS FOR A PARTICULAR PURPOSE.

configure:1221: $? = 0
configure:1223: gcc -v </dev/null >&5
Using built-in specs.
COLLECT_GCC=gcc
COLLECT_LTO_WRAPPER=/usr/lib/gcc/aarch64-linux-gnu/11/lto-wrapper
Target: aarch64-linux-gnu
Configured with: ../src/configure -v --with-pkgversion='Ubuntu 11.4.0-1ubuntu1~22.04.2' --with-bugurl=file:///usr/share/doc/gcc-11/README.Bugs --enable-languages=c,ada,c++,go,d,fortran,objc,obj-c++,m2 --prefix=/usr --with-gcc-major-version-only --program-suffix=-11 --program-prefix=aarch64-linux-gnu- --enable-shared --enable-linker-build-id --libexecdir=/usr/lib --without-included-gettext --enable-threads=posix --libdir=/usr/lib --enable-nls --enable-bootstrap --enable-clocale=gnu --enable-libstdcxx-debug --enable-libstdcxx-time=yes --with-default-libstdcxx-abi=new --enable-gnu-unique-object --disable-libquadmath --disable-libquadmath-support --enable-plugin --enable-default-pie --with-system-zlib --enable-libphobos-checking=release --with-target-system-zlib=auto --enable-objc-gc=auto --enable-multiarch --enable-fix-cortex-a53-843419 --disable-werror --enable-checking=release --build=aarch64-linux-gnu --host=aarch64-linux-gnu --target=aarch64-linux-gnu --with-build-config=bootstrap-lto-lean --enable-link-serialization=4
Thread model: posix
Supported LTO compression algorithms: zlib zstd
gcc version 11.4.0 (Ubuntu 11.4.0-1ubuntu1~22.04.2) 
configure:1226: $? = 0
configure:1228: gcc -V </dev/null >&5
gcc: error: unrecognized command-line option '-V'
gcc: fatal error: no input files
compilation terminated.
configure:1231: $? = 1
configure:1251: checking for C compiler default output
configure:1254: gcc    conftest.c  >&5
configure:1257: $? = 0
configure:1286: result: a.out
configure:1291: checking whether the C compiler works
configure:1297: ./a.out
configure:1300: $? = 0
configure:1315: result: yes
configure:1322: checking whether we are cross compiling
configure:1324: result: no
configure:1327: checking for executable suffix
configure:1329: gcc -o conftest    conftest.c  >&5
configure:1332: $? = 0
configure:1354: result: 
configure:1360: checking for object suffix
configure:1378: gcc -c   conftest.c >&5
configure:1381: $? = 0
configure:1400: result: o
configure:1404: checking whether we are using the GNU C compiler
configure:1425: gcc -c   conftest.c >&5
configure:1428: $? = 0
configure:1431: test -s conftest.o
configure:1434: $? = 0
configure:1446: result: yes
configure:1452: checking whether gcc accepts -g
configure:1470: gcc -c -g  conftest.c >&5
configure:1473: $? = 0
configure:1476: test -s conftest.o
configure:1479: $? = 0
configure:1489: result: yes
configure:1516: gcc -c -g -O2  conftest.c >&5
conftest.c:2:3: error: unknown type name 'choke'
    2 |   choke me
      |   ^~~~~
conftest.c:2:3: error: expected '=', ',', ';', 'asm' or '__attribute__' at end of input
configure:1519: $? = 1
configure: failed program was:
#ifndef __cplusplus
  choke me
#endif
configure:1655: checking for ranlib
configure:1670: found /usr/bin/ranlib
configure:1679: result: ranlib
configure:1693: checking for ar
configure:1710: found /usr/bin/ar
configure:1722: result: /usr/bin/ar
configure:1737: checking for sf_open in -lsndfile
configure:1764: gcc -o conftest -g -O2   conftest.c -lsndfile   >&5
configure:1767: $? = 0
configure:1770: test -s conftest
configure:1773: $? = 0
configure:1784: result: yes
configure:1796: checking for src_simple in -lsamplerate
configure:1823: gcc -o conftest -g -O2   conftest.c -lsamplerate   >&5
/usr/bin/ld: cannot find -lsamplerate: No such file or directory
collect2: error: ld returned 1 exit status
configure:1826: $? = 1
configure: failed program was:
#line 1804 "configure"
#include "confdefs.h"

/* Override any gcc2 internal prototype to avoid an error.  */
#ifdef __cplusplus
extern "C"
#endif
/* We use char because int might match the return type of a gcc2
   builtin and then its argument prototype would still apply.  */
char src_simple ();
int
main ()
{
src_simple ();
  ;
  return 0;
}
configure:1843: result: no
configure:1860: checking how to run the C preprocessor
configure:1886: gcc -E  conftest.c
configure:1892: $? = 0
configure:1919: gcc -E  conftest.c
configure:1916:10: fatal error: ac_nonexistent.h: No such file or directory
 1916 | #include "confdefs.h"
      |          ^~~~~~~~~~~~      
compilation terminated.
configure:1925: $? = 1
configure: failed program was:
#line 1915 "configure"
#include "confdefs.h"
#include <ac_nonexistent.h>
configure:1962: result: gcc -E
configure:1977: gcc -E  conftest.c
configure:1983: $? = 0
configure:2010: gcc -E  conftest.c
configure:2007:10: fatal error: ac_nonexistent.h: No such file or directory
 2007 | #include "confdefs.h"
      |          ^~~~~~~~~~~~      
compilation terminated.
configure:2016: $? = 1
configure: failed program was:
#line 2006 "configure"
#include "confdefs.h"
#include <ac_nonexistent.h>
configure:2058: checking for inttypes.h
configure:2068: gcc -E  conftest.c
configure:2074: $? = 0
configure:2093: result: yes
configure:2185: creating ./config.status

## ----------------------- ##
## Running config.status.  ##
## ----------------------- ##

This file was extended by config.status 2.52, executed with
  CONFIG_FILES    = 
  CONFIG_HEADERS  = 
  CONFIG_LINKS    = 
  CONFIG_COMMANDS = 
  > ./config.status 
on ANBERNIC

config.status:2615: creating Makefile
config.status:2706: creating src/config.h
config.status:2847: src/config.h is unchanged

## ----------------- ##
## Cache variables.  ##
## ----------------- ##

ac_cv_c_compiler_gnu='yes'
ac_cv_env_CC_set=''
ac_cv_env_CC_value=''
ac_cv_env_CFLAGS_set=''
ac_cv_env_CFLAGS_value=''
ac_cv_env_CPPFLAGS_set=''
ac_cv_env_CPPFLAGS_value=''
ac_cv_env_CPP_set=''
ac_cv_env_CPP_value=''
ac_cv_env_LDFLAGS_set=''
ac_cv_env_LDFLAGS_value=''
ac_cv_env_build_alias_set='set'
ac_cv_env_build_alias_value='aarch64-unknown-linux-gnu'
ac_cv_env_host_alias_set=''
ac_cv_env_host_alias_value=''
ac_cv_env_target_alias_set=''
ac_cv_env_target_alias_value=''
ac_cv_header_inttypes_h='yes'
ac_cv_lib_samplerate_src_simple='no'
ac_cv_lib_sndfile_sf_open='yes'
ac_cv_objext='o'
ac_cv_path_AR='/usr/bin/ar'
ac_cv_prog_CPP='gcc -E'
ac_cv_prog_ac_ct_CC='gcc'
ac_cv_prog_ac_ct_RANLIB='ranlib'
ac_cv_prog_cc_g='yes'

## ------------ ##
## confdefs.h.  ##
## ------------ ##

#define HAVE_INTTYPES_H 1


configure: exit 0
